OBJECTEDITOR started at 2012-10-20 00:35
OS NT 5.1, 2048MB Physical Memory, 1516 Physical Available, 1990 Virtual Available
RUN-OPTIONS 
WORKING-DIR D:\THQ\First_Mod\Data\Art\Models\Races\Allies\Vehicles\M4A4
USER Administrator

00:35:41.36   PROFILE -- Time Line Profiling enabled
00:35:41.36   ToolFramework: Opening Document: 'D:\THQ\First_Mod\Data\Art\Models\Races\Allies\Vehicles\M4A4\M4A4.rgo'
00:35:41.37   NOTIFIER -- Handle created for directory D:\THQ\First_Mod\Data\ - 0x260
00:35:41.37   NOTIFIER -- Handle created for directory D:\THQ\Engine\Data\ - 0x264

filepath.c/466:!Assertion of (dbBreak) failed.

--stack trace--






filepath.c/466:!Assertion of (dbBreak) failed.

--stack trace--





luaconfigsave.c/658:!Failed to load lua file 'DATA:ResourceTagOverrides.lua'
toolrenderview.c/79:!Initializing SPOOGE (D:\THQ\Tools\Executables\)
deviceconfig.c/93:!Unable to find device tweek file [pc\drivers\spDx9_config.txt].
00:35:41.50   MATHBOX -- Version=6, Cpu=unknown:f=15,m=3, Mode=SSE
luaconfigsave.c/658:!Failed to load lua file 'DATA:Shaders\ShaderDefines.lua'
Unable to setup Shader database.
-- FATAL EXIT --
dx9device.c/769:!
--stack trace--





