OBJECTEDITOR started at 2011-03-12 14:49
OS NT 5.1, 2048MB Physical Memory, 1061 Physical Available, 1986 Virtual Available
RUN-OPTIONS 
WORKING-DIR D:\THQ\First_Mod\Data\art\models\races\allies\vehicles\japjeep
USER Administrator

14:49:29.14   PROFILE -- Time Line Profiling enabled
14:49:29.14   ToolFramework: Opening Document: 'D:\THQ\First_Mod\Data\art\models\races\allies\vehicles\japjeep\japjeep.rgo'
14:49:29.14   NOTIFIER -- Handle created for directory D:\THQ\First_Mod\Data\ - 0x27c
14:49:29.14   NOTIFIER -- Handle created for directory D:\THQ\Engine\Data\ - 0x260

filepath.c/466:!Assertion of (dbBreak) failed.

--stack trace--






filepath.c/466:!Assertion of (dbBreak) failed.

--stack trace--





luaconfigsave.c/658:!Failed to load lua file 'DATA:ResourceTagOverrides.lua'
toolrenderview.c/79:!Initializing SPOOGE (D:\THQ\Tools\Executables\)
deviceconfig.c/93:!Unable to find device tweek file [pc\drivers\spDx9_config.txt].
14:49:29.51   MATHBOX -- Version=6, Cpu=unknown:f=15,m=3, Mode=SSE
luaconfigsave.c/658:!Failed to load lua file 'DATA:Shaders\ShaderDefines.lua'
Unable to setup Shader database.
-- FATAL EXIT --
dx9device.c/769:!
--stack trace--





